2017-06-15 18:44:30 CONFIG MESSAGE   core::run: sunrise!
2017-06-15 18:44:30 CONFIG MESSAGE   ----------- configuration -------------
2017-06-15 18:44:30 CONFIG MESSAGE   Configuration for 'client-tcp' not set
2017-06-15 18:44:30 CONFIG BEGIN     Configure component 'config'...
2017-06-15 18:44:30 CONFIG MESSAGE   Singleton 'config' is initial configured 
2017-06-15 18:44:30 CONFIG END       Configure component 'config'...Done
2017-06-15 18:44:30 CONFIG MESSAGE   Configuration for 'core' not set
2017-06-15 18:44:30 CONFIG MESSAGE   Configuration for 'demo-storage' not set
2017-06-15 18:44:30 CONFIG BEGIN     Configure component 'hash'...
2017-06-15 18:44:30 CONFIG MESSAGE   Instance 'hash1' is initial configured
2017-06-15 18:44:30 CONFIG END       Configure component 'hash'...Done
2017-06-15 18:44:30 CONFIG MESSAGE   Configuration for 'hash-gateway' not set
2017-06-15 18:44:30 CONFIG BEGIN     Configure component 'hash-service'...
2017-06-15 18:44:30 CONFIG MESSAGE   Instance 'hash-service1' is initial configured
2017-06-15 18:44:30 CONFIG END       Configure component 'hash-service'...Done
2017-06-15 18:44:30 CONFIG MESSAGE   Configuration for 'io-queue' not set
2017-06-15 18:44:30 CONFIG MESSAGE   Configuration for 'jsonrpc-broker' not set
2017-06-15 18:44:30 CONFIG MESSAGE   Configuration for 'jsonrpc-queue' not set
2017-06-15 18:44:30 CONFIG MESSAGE   Configuration for 'jsonrpc-repli' not set
2017-06-15 18:44:30 CONFIG BEGIN     Configure component 'logger'...
2017-06-15 19:01:26 CONFIG MESSAGE   core::run: sunrise!
2017-06-15 19:01:26 CONFIG MESSAGE   ----------- configuration -------------
2017-06-15 19:01:26 CONFIG MESSAGE   Configuration for 'client-tcp' not set
2017-06-15 19:01:26 CONFIG BEGIN     Configure component 'config'...
2017-06-15 19:01:26 CONFIG MESSAGE   Singleton 'config' is initial configured 
2017-06-15 19:01:26 CONFIG END       Configure component 'config'...Done
2017-06-15 19:01:26 CONFIG MESSAGE   Configuration for 'core' not set
2017-06-15 19:01:26 CONFIG MESSAGE   Configuration for 'demo-storage' not set
2017-06-15 19:01:26 CONFIG BEGIN     Configure component 'hash'...
2017-06-15 19:01:26 CONFIG MESSAGE   Instance 'hash1' is initial configured
2017-06-15 19:01:26 CONFIG END       Configure component 'hash'...Done
2017-06-15 19:01:26 CONFIG MESSAGE   Configuration for 'hash-gateway' not set
2017-06-15 19:01:26 CONFIG BEGIN     Configure component 'hash-service'...
2017-06-15 19:01:26 CONFIG MESSAGE   Instance 'hash-service1' is initial configured
2017-06-15 19:01:26 CONFIG END       Configure component 'hash-service'...Done
2017-06-15 19:01:26 CONFIG MESSAGE   Configuration for 'io-queue' not set
2017-06-15 19:01:26 CONFIG MESSAGE   Configuration for 'jsonrpc-broker' not set
2017-06-15 19:01:26 CONFIG MESSAGE   Configuration for 'jsonrpc-queue' not set
2017-06-15 19:01:26 CONFIG MESSAGE   Configuration for 'jsonrpc-repli' not set
2017-06-15 19:01:26 CONFIG BEGIN     Configure component 'logger'...
