2017-06-15 18:44:30.474 CONFIG MESSAGE   Singleton 'logger' is initial configured 
2017-06-15 18:44:30.474 CONFIG END       Configure component 'logger'...Done
2017-06-15 18:44:30.474 CONFIG MESSAGE   Configuration for 'pingpong' not set
2017-06-15 18:44:30.474 CONFIG MESSAGE   Configuration for 'pingpong-gateway' not set
2017-06-15 18:44:30.474 CONFIG MESSAGE   Configuration for 'pingpong-service' not set
2017-06-15 18:44:30.474 CONFIG MESSAGE   Configuration for 'pingpong-tank' not set
2017-06-15 18:44:30.474 CONFIG BEGIN     Configure component 'server-tcp'...
2017-06-15 18:44:30.474 CONFIG MESSAGE   Instance 'server-tcp1' is initial configured
2017-06-15 18:44:30.474 CONFIG END       Configure component 'server-tcp'...Done
2017-06-15 18:44:30.475 CONFIG MESSAGE   Configuration for 'server-udp' not set
2017-06-15 18:44:30.475 CONFIG MESSAGE   Configuration for 'startup' not set
2017-06-15 18:44:30.475 CONFIG MESSAGE   Configuration for 'storage-gateway' not set
2017-06-15 18:44:30.475 CONFIG MESSAGE   Configuration for 'storage-service' not set
2017-06-15 18:44:30.475 CONFIG MESSAGE   Configuration for 'workflow' not set
2017-06-15 18:44:30.475 CONFIG MESSAGE   ----------- initialization ------------
2017-06-15 18:44:30.475 CONFIG BEGIN     Initialize instance 'logger'... startup_priority=-1000
2017-06-15 18:44:30.475 CONFIG END       Initialize instance 'logger'...Done
2017-06-15 18:44:30.475 CONFIG BEGIN     Initialize instance 'config'... startup_priority=0
2017-06-15 18:44:30.475 CONFIG END       Initialize instance 'config'...Done
2017-06-15 18:44:30.475 CONFIG BEGIN     Initialize instance 'core'... startup_priority=0
2017-06-15 18:44:30.475 CONFIG END       Initialize instance 'core'...Done
2017-06-15 18:44:30.475 CONFIG BEGIN     Initialize instance 'hash-service1'... startup_priority=0
2017-06-15 18:44:30.476 CONFIG END       Initialize instance 'hash-service1'...Done
2017-06-15 18:44:30.476 CONFIG BEGIN     Initialize instance 'hash1'... startup_priority=0
2017-06-15 18:44:30.476 CONFIG END       Initialize instance 'hash1'...Done
2017-06-15 18:44:30.476 CONFIG BEGIN     Initialize instance 'startup'... startup_priority=0
2017-06-15 18:44:30.476 CONFIG END       Initialize instance 'startup'...Done
2017-06-15 18:44:30.476 CONFIG BEGIN     Initialize instance 'server-tcp1'... startup_priority=1000
2017-06-15 18:44:30.476 CONFIG END       Initialize instance 'server-tcp1'...Done
2017-06-15 18:44:30.476 CONFIG MESSAGE   Initialization finished for 54 registry changed
2017-06-15 18:44:30.476 CONFIG MESSAGE   -------------- starting ---------------
2017-06-15 18:44:30.476 CONFIG BEGIN     Start instance 'logger'...
2017-06-15 18:44:30.476 CONFIG END       Start instance 'logger'...Done
2017-06-15 18:44:30.476 CONFIG BEGIN     Start instance 'config'...
2017-06-15 18:44:30.476 CONFIG END       Start instance 'config'...Done
2017-06-15 18:44:30.476 CONFIG BEGIN     Start instance 'core'...
2017-06-15 18:44:30.477 CONFIG END       Start instance 'core'...Done
2017-06-15 18:44:30.477 CONFIG BEGIN     Start instance 'hash-service1'...
2017-06-15 18:44:30.477 CONFIG END       Start instance 'hash-service1'...Done
2017-06-15 18:44:30.477 CONFIG BEGIN     Start instance 'hash1'...
2017-06-15 18:44:30.477 CONFIG END       Start instance 'hash1'...Done
2017-06-15 18:44:30.477 CONFIG BEGIN     Start instance 'startup'...
2017-06-15 18:44:30.477 CONFIG END       Start instance 'startup'...Done
2017-06-15 18:44:30.477 CONFIG BEGIN     Start instance 'server-tcp1'...
2017-06-15 18:44:30.477 IOW    MESSAGE   Listen 0.0.0.0:12345
2017-06-15 18:44:30.478 CONFIG END       Start instance 'server-tcp1'...Done
2017-06-15 18:44:30.478 CONFIG MESSAGE   --------- DEBUG: Initialization finished. No registry changed
2017-06-15 18:44:30.478 SYSLOG MESSAGE   daemon demod started!
2017-06-15 18:44:30.478 DOMAIN BEGIN     After start handlers... 
2017-06-15 18:44:30.478 DOMAIN BEGIN     After start handlers
2017-06-15 18:44:30.478 DOMAIN MESSAGE   ***************************************
2017-06-15 18:44:30.478 DOMAIN MESSAGE   ************* started *****************
2017-06-15 18:44:30.479 DOMAIN MESSAGE   instance name: demod-hash.conf

2017-06-15 18:44:31.479 DEBUG  MESSAGE   CPU thread check
2017-06-15 18:44:31.479 DOMAIN BEGIN     CPU threads reconfiguring...
2017-06-15 18:44:31.480 DOMAIN END       CPU threads reconfigured.
2017-06-15 18:44:32.480 DEBUG  MESSAGE   CPU thread check
2017-06-15 18:44:33.481 DEBUG  MESSAGE   CPU thread check
2017-06-15 18:44:34.481 DEBUG  MESSAGE   CPU thread check
2017-06-15 18:44:35.481 DEBUG  MESSAGE   CPU thread check
2017-06-15 18:44:36.481 DEBUG  MESSAGE   CPU thread check
2017-06-15 18:44:37.482 DEBUG  MESSAGE   CPU thread check
2017-06-15 18:44:38.482 DEBUG  MESSAGE   CPU thread check
2017-06-15 18:44:39.482 DEBUG  MESSAGE   CPU thread check
2017-06-15 18:44:40.483 DEBUG  MESSAGE   CPU thread check
2017-06-15 18:44:41.483 DEBUG  MESSAGE   CPU thread check
2017-06-15 18:44:42.483 DEBUG  MESSAGE   CPU thread check
2017-06-15 18:44:43.484 DEBUG  MESSAGE   CPU thread check
2017-06-15 18:44:44.484 DEBUG  MESSAGE   CPU thread check
2017-06-15 18:44:45.484 DEBUG  MESSAGE   CPU thread check
2017-06-15 18:44:46.485 DEBUG  MESSAGE   CPU thread check
2017-06-15 18:44:47.485 DEBUG  MESSAGE   CPU thread check
2017-06-15 18:44:48.486 DEBUG  MESSAGE   CPU thread check
2017-06-15 18:44:49.486 DEBUG  MESSAGE   CPU thread check
2017-06-15 18:44:50.486 DEBUG  MESSAGE   CPU thread check
2017-06-15 18:44:51.487 DEBUG  MESSAGE   CPU thread check
2017-06-15 18:44:52.487 DEBUG  MESSAGE   CPU thread check
2017-06-15 18:44:53.488 DEBUG  MESSAGE   CPU thread check
2017-06-15 18:44:54.488 DEBUG  MESSAGE   CPU thread check
2017-06-15 18:44:55.488 DEBUG  MESSAGE   CPU thread check
2017-06-15 18:44:56.489 DEBUG  MESSAGE   CPU thread check
2017-06-15 18:44:57.489 DEBUG  MESSAGE   CPU thread check
2017-06-15 18:44:58.490 DEBUG  MESSAGE   CPU thread check
2017-06-15 18:44:59.490 DEBUG  MESSAGE   CPU thread check
2017-06-15 18:45:00.490 DEBUG  MESSAGE   CPU thread check
2017-06-15 18:45:01.491 DEBUG  MESSAGE   CPU thread check
2017-06-15 18:45:02.491 DEBUG  MESSAGE   CPU thread check
2017-06-15 18:45:03.491 DEBUG  MESSAGE   CPU thread check
2017-06-15 18:45:04.492 DEBUG  MESSAGE   CPU thread check
2017-06-15 18:45:05.492 DEBUG  MESSAGE   CPU thread check
2017-06-15 18:45:06.493 DEBUG  MESSAGE   CPU thread check
2017-06-15 18:45:07.493 DEBUG  MESSAGE   CPU thread check
2017-06-15 18:45:08.493 DEBUG  MESSAGE   CPU thread check
2017-06-15 18:45:09.494 DEBUG  MESSAGE   CPU thread check
2017-06-15 18:45:10.494 DEBUG  MESSAGE   CPU thread check
2017-06-15 18:45:11.495 DEBUG  MESSAGE   CPU thread check
2017-06-15 18:45:12.495 DEBUG  MESSAGE   CPU thread check
2017-06-15 18:45:13.496 DEBUG  MESSAGE   CPU thread check
2017-06-15 18:45:14.496 DEBUG  MESSAGE   CPU thread check
2017-06-15 18:45:15.496 DEBUG  MESSAGE   CPU thread check
2017-06-15 18:45:16.497 DEBUG  MESSAGE   CPU thread check
2017-06-15 18:45:17.497 DEBUG  MESSAGE   CPU thread check
2017-06-15 18:45:18.498 DEBUG  MESSAGE   CPU thread check
2017-06-15 18:45:19.498 DEBUG  MESSAGE   CPU thread check
2017-06-15 18:45:20.498 DEBUG  MESSAGE   CPU thread check
2017-06-15 18:45:21.499 DEBUG  MESSAGE   CPU thread check
2017-06-15 18:45:22.499 DEBUG  MESSAGE   CPU thread check
2017-06-15 18:45:23.500 DEBUG  MESSAGE   CPU thread check
2017-06-15 18:45:24.500 DEBUG  MESSAGE   CPU thread check
2017-06-15 18:45:25.501 DEBUG  MESSAGE   CPU thread check
2017-06-15 18:45:26.501 DEBUG  MESSAGE   CPU thread check
2017-06-15 18:45:27.501 DEBUG  MESSAGE   CPU thread check
2017-06-15 18:45:28.501 DEBUG  MESSAGE   CPU thread check
2017-06-15 18:45:29.502 DEBUG  MESSAGE   CPU thread check
2017-06-15 18:45:30.502 DEBUG  MESSAGE   CPU thread check
2017-06-15 18:45:31.503 DEBUG  MESSAGE   CPU thread check
2017-06-15 18:45:32.503 DEBUG  MESSAGE   CPU thread check
2017-06-15 18:45:33.504 DEBUG  MESSAGE   CPU thread check
2017-06-15 18:45:34.504 DEBUG  MESSAGE   CPU thread check
2017-06-15 18:45:35.504 DEBUG  MESSAGE   CPU thread check
2017-06-15 18:45:36.505 DEBUG  MESSAGE   CPU thread check
2017-06-15 18:45:37.505 DEBUG  MESSAGE   CPU thread check
2017-06-15 18:45:38.506 DEBUG  MESSAGE   CPU thread check
2017-06-15 18:45:39.506 DEBUG  MESSAGE   CPU thread check
2017-06-15 18:45:40.506 DEBUG  MESSAGE   CPU thread check
2017-06-15 18:45:41.507 DEBUG  MESSAGE   CPU thread check
2017-06-15 18:45:42.507 DEBUG  MESSAGE   CPU thread check
2017-06-15 18:45:43.507 DEBUG  MESSAGE   CPU thread check
2017-06-15 18:45:44.508 DEBUG  MESSAGE   CPU thread check
2017-06-15 18:45:45.508 DEBUG  MESSAGE   CPU thread check
2017-06-15 18:45:46.508 DEBUG  MESSAGE   CPU thread check
2017-06-15 18:45:47.509 DEBUG  MESSAGE   CPU thread check
2017-06-15 18:45:48.509 DEBUG  MESSAGE   CPU thread check
2017-06-15 18:45:49.510 DEBUG  MESSAGE   CPU thread check
2017-06-15 18:45:50.510 DEBUG  MESSAGE   CPU thread check
2017-06-15 18:45:51.510 DEBUG  MESSAGE   CPU thread check
2017-06-15 18:45:52.511 DEBUG  MESSAGE   CPU thread check
2017-06-15 18:45:53.511 DEBUG  MESSAGE   CPU thread check
2017-06-15 18:45:54.512 DEBUG  MESSAGE   CPU thread check
2017-06-15 18:45:55.512 DEBUG  MESSAGE   CPU thread check
2017-06-15 18:45:56.512 DEBUG  MESSAGE   CPU thread check
2017-06-15 18:45:57.513 DEBUG  MESSAGE   CPU thread check
2017-06-15 18:45:58.513 DEBUG  MESSAGE   CPU thread check
2017-06-15 18:45:59.513 DEBUG  MESSAGE   CPU thread check
2017-06-15 18:46:00.513 DEBUG  MESSAGE   CPU thread check
2017-06-15 18:46:01.514 DEBUG  MESSAGE   CPU thread check
2017-06-15 18:46:02.514 DEBUG  MESSAGE   CPU thread check
2017-06-15 18:46:03.514 DEBUG  MESSAGE   CPU thread check
2017-06-15 18:46:04.515 DEBUG  MESSAGE   CPU thread check
2017-06-15 18:46:05.515 DEBUG  MESSAGE   CPU thread check
2017-06-15 18:46:06.516 DEBUG  MESSAGE   CPU thread check
2017-06-15 18:46:07.516 DEBUG  MESSAGE   CPU thread check
2017-06-15 18:46:08.516 DOMAIN MESSAGE   wfc_core: stop signal
2017-06-15 18:46:08.516 DOMAIN BEGIN     wfc_core: io_service stop...
2017-06-15 18:46:08.517 DOMAIN END       wfc_core: io_service stop done!
2017-06-15 18:46:08.517 DOMAIN BEGIN     stop 'demod-hash.conf'...
2017-06-15 18:46:08.517 DOMAIN BEGIN     before stop handler
2017-06-15 18:46:08.517 DOMAIN END       before stop handler
2017-06-15 18:46:08.517 CONFIG MESSAGE   ----------- stopping... ---------------
2017-06-15 18:46:08.517 DOMAIN BEGIN     Stop instance 'server-tcp1'...
2017-06-15 18:46:08.517 CONFIG BEGIN     Server stop
2017-06-15 18:46:08.517 CONFIG END       Server stop
2017-06-15 18:46:08.518 DOMAIN END       Stop instance 'server-tcp1'...Done
2017-06-15 18:46:08.518 DOMAIN BEGIN     Stop instance 'config'...
2017-06-15 18:46:08.518 DOMAIN END       Stop instance 'config'...Done
2017-06-15 18:46:08.518 DOMAIN BEGIN     Stop instance 'core'...
2017-06-15 18:46:08.518 DOMAIN MESSAGE   ************* void core::stop()  *****************
2017-06-15 18:46:08.518 DOMAIN END       Stop instance 'core'...Done
2017-06-15 18:46:08.518 DOMAIN BEGIN     Stop instance 'hash-service1'...
2017-06-15 18:46:08.519 DOMAIN END       Stop instance 'hash-service1'...Done
2017-06-15 18:46:08.519 DOMAIN BEGIN     Stop instance 'hash1'...
2017-06-15 18:46:08.519 DOMAIN END       Stop instance 'hash1'...Done
2017-06-15 18:46:08.519 DOMAIN BEGIN     Stop instance 'startup'...
2017-06-15 18:46:08.519 DOMAIN END       Stop instance 'startup'...Done
2017-06-15 18:46:08.519 DOMAIN BEGIN     Stop instance 'logger'...
2017-06-15 19:01:26.036 CONFIG MESSAGE   Singleton 'logger' is initial configured 
2017-06-15 19:01:26.036 CONFIG END       Configure component 'logger'...Done
2017-06-15 19:01:26.036 CONFIG MESSAGE   Configuration for 'pingpong' not set
2017-06-15 19:01:26.036 CONFIG MESSAGE   Configuration for 'pingpong-gateway' not set
2017-06-15 19:01:26.036 CONFIG MESSAGE   Configuration for 'pingpong-service' not set
2017-06-15 19:01:26.036 CONFIG MESSAGE   Configuration for 'pingpong-tank' not set
2017-06-15 19:01:26.036 CONFIG BEGIN     Configure component 'server-tcp'...
2017-06-15 19:01:26.037 CONFIG MESSAGE   Instance 'server-tcp1' is initial configured
2017-06-15 19:01:26.037 CONFIG END       Configure component 'server-tcp'...Done
2017-06-15 19:01:26.037 CONFIG MESSAGE   Configuration for 'server-udp' not set
2017-06-15 19:01:26.037 CONFIG MESSAGE   Configuration for 'startup' not set
2017-06-15 19:01:26.037 CONFIG MESSAGE   Configuration for 'storage-gateway' not set
2017-06-15 19:01:26.037 CONFIG MESSAGE   Configuration for 'storage-service' not set
2017-06-15 19:01:26.037 CONFIG MESSAGE   Configuration for 'workflow' not set
2017-06-15 19:01:26.037 CONFIG MESSAGE   ----------- initialization ------------
2017-06-15 19:01:26.037 CONFIG BEGIN     Initialize instance 'logger'... startup_priority=-1000
2017-06-15 19:01:26.037 CONFIG END       Initialize instance 'logger'...Done
2017-06-15 19:01:26.038 CONFIG BEGIN     Initialize instance 'config'... startup_priority=0
2017-06-15 19:01:26.038 CONFIG END       Initialize instance 'config'...Done
2017-06-15 19:01:26.038 CONFIG BEGIN     Initialize instance 'core'... startup_priority=0
2017-06-15 19:01:26.038 CONFIG END       Initialize instance 'core'...Done
2017-06-15 19:01:26.038 CONFIG BEGIN     Initialize instance 'hash-service1'... startup_priority=0
2017-06-15 19:01:26.038 CONFIG END       Initialize instance 'hash-service1'...Done
2017-06-15 19:01:26.038 CONFIG BEGIN     Initialize instance 'hash1'... startup_priority=0
2017-06-15 19:01:26.039 CONFIG END       Initialize instance 'hash1'...Done
2017-06-15 19:01:26.039 CONFIG BEGIN     Initialize instance 'startup'... startup_priority=0
2017-06-15 19:01:26.039 CONFIG END       Initialize instance 'startup'...Done
2017-06-15 19:01:26.039 CONFIG BEGIN     Initialize instance 'server-tcp1'... startup_priority=1000
2017-06-15 19:01:26.039 CONFIG END       Initialize instance 'server-tcp1'...Done
2017-06-15 19:01:26.039 CONFIG MESSAGE   Initialization finished for 54 registry changed
2017-06-15 19:01:26.039 CONFIG MESSAGE   -------------- starting ---------------
2017-06-15 19:01:26.039 CONFIG BEGIN     Start instance 'logger'...
2017-06-15 19:01:26.039 CONFIG END       Start instance 'logger'...Done
2017-06-15 19:01:26.039 CONFIG BEGIN     Start instance 'config'...
2017-06-15 19:01:26.039 CONFIG END       Start instance 'config'...Done
2017-06-15 19:01:26.040 CONFIG BEGIN     Start instance 'core'...
2017-06-15 19:01:26.040 CONFIG END       Start instance 'core'...Done
2017-06-15 19:01:26.040 CONFIG BEGIN     Start instance 'hash-service1'...
2017-06-15 19:01:26.040 CONFIG END       Start instance 'hash-service1'...Done
2017-06-15 19:01:26.040 CONFIG BEGIN     Start instance 'hash1'...
2017-06-15 19:01:26.040 CONFIG END       Start instance 'hash1'...Done
2017-06-15 19:01:26.040 CONFIG BEGIN     Start instance 'startup'...
2017-06-15 19:01:26.040 CONFIG END       Start instance 'startup'...Done
2017-06-15 19:01:26.040 CONFIG BEGIN     Start instance 'server-tcp1'...
2017-06-15 19:01:26.041 IOW    MESSAGE   Listen 0.0.0.0:12345
2017-06-15 19:01:26.041 CONFIG END       Start instance 'server-tcp1'...Done
2017-06-15 19:01:26.042 CONFIG MESSAGE   --------- DEBUG: Initialization finished. No registry changed
2017-06-15 19:01:26.042 SYSLOG MESSAGE   daemon demod started!
2017-06-15 19:01:26.042 DOMAIN BEGIN     After start handlers... 
2017-06-15 19:01:26.042 DOMAIN BEGIN     After start handlers
2017-06-15 19:01:26.042 DOMAIN MESSAGE   ***************************************
2017-06-15 19:01:26.042 DOMAIN MESSAGE   ************* started *****************
2017-06-15 19:01:26.042 DOMAIN MESSAGE   instance name: demod-hash.conf

2017-06-15 19:01:27.043 DEBUG  MESSAGE   CPU thread check
2017-06-15 19:01:27.043 DOMAIN BEGIN     CPU threads reconfiguring...
2017-06-15 19:01:27.043 DOMAIN END       CPU threads reconfigured.
2017-06-15 19:01:28.044 DEBUG  MESSAGE   CPU thread check
2017-06-15 19:01:29.044 DEBUG  MESSAGE   CPU thread check
2017-06-15 19:01:30.044 DEBUG  MESSAGE   CPU thread check
2017-06-15 19:01:31.045 DEBUG  MESSAGE   CPU thread check
2017-06-15 19:01:32.045 DEBUG  MESSAGE   CPU thread check
2017-06-15 19:01:33.045 DEBUG  MESSAGE   CPU thread check
2017-06-15 19:01:34.046 DEBUG  MESSAGE   CPU thread check
2017-06-15 19:01:35.046 DEBUG  MESSAGE   CPU thread check
2017-06-15 19:01:36.047 DEBUG  MESSAGE   CPU thread check
2017-06-15 19:01:37.047 DEBUG  MESSAGE   CPU thread check
2017-06-15 19:01:38.047 DEBUG  MESSAGE   CPU thread check
2017-06-15 19:01:38.063 DEBUG  DEBUG     engine_base::reg_io 10
2017-06-15 19:01:39.048 DEBUG  MESSAGE   CPU thread check
2017-06-15 19:01:40.048 DEBUG  MESSAGE   CPU thread check
2017-06-15 19:01:41.048 DEBUG  MESSAGE   CPU thread check
2017-06-15 19:01:41.294 IOW    TRACE     READ[dkjhfs kgdkjsghlsdkjghldskjfghldksfgds\r\n] id=10
2017-06-15 19:01:41.295 IOW    TRACE     WRITED[13477498448805056045\r\n] id=10
2017-06-15 19:01:42.049 DEBUG  MESSAGE   CPU thread check
2017-06-15 19:01:43.049 DEBUG  MESSAGE   CPU thread check
2017-06-15 19:01:43.814 IOW    TRACE     READ[dfskjhglkdjshfgkdjhgldkjfghdskjhgldkjfghd\r\n] id=10
2017-06-15 19:01:43.814 IOW    TRACE     WRITED[11579138084036934558\r\n] id=10
2017-06-15 19:01:44.049 DEBUG  MESSAGE   CPU thread check
2017-06-15 19:01:45.050 DEBUG  MESSAGE   CPU thread check
2017-06-15 19:01:45.230 IOW    TRACE     READ[dhfjskfd\r\n] id=10
2017-06-15 19:01:45.230 IOW    TRACE     WRITED[18030574143680677345\r\n] id=10
2017-06-15 19:01:46.050 DEBUG  MESSAGE   CPU thread check
2017-06-15 19:01:46.605 IOW    TRACE     READ[1\r\n] id=10
2017-06-15 19:01:46.606 IOW    TRACE     WRITED[10159970873491820195\r\n] id=10
2017-06-15 19:01:47.051 DEBUG  MESSAGE   CPU thread check
2017-06-15 19:01:47.470 IOW    TRACE     READ[2\r\n] id=10
2017-06-15 19:01:47.470 IOW    TRACE     WRITED[4551451650890805270\r\n] id=10
2017-06-15 19:01:48.051 DEBUG  MESSAGE   CPU thread check
2017-06-15 19:01:48.381 IOW    TRACE     READ[3\r\n] id=10
2017-06-15 19:01:48.382 IOW    TRACE     WRITED[8248777770799913213\r\n] id=10
2017-06-15 19:01:49.051 DEBUG  MESSAGE   CPU thread check
2017-06-15 19:01:49.702 IOW    TRACE     READ[4\r\n] id=10
2017-06-15 19:01:49.702 IOW    TRACE     WRITED[16215888864653804456\r\n] id=10
2017-06-15 19:01:50.052 DEBUG  MESSAGE   CPU thread check
2017-06-15 19:01:50.638 IOW    TRACE     READ[5\r\n] id=10
2017-06-15 19:01:50.638 IOW    TRACE     WRITED[7995238595416485409\r\n] id=10
2017-06-15 19:01:51.052 DEBUG  MESSAGE   CPU thread check
2017-06-15 19:01:51.173 IOW    TRACE     READ[6\r\n] id=10
2017-06-15 19:01:51.174 IOW    TRACE     WRITED[3835993668518112351\r\n] id=10
2017-06-15 19:01:51.774 IOW    TRACE     READ[\r\n] id=10
2017-06-15 19:01:52.052 DEBUG  MESSAGE   CPU thread check
2017-06-15 19:01:52.198 IOW    TRACE     READ[7\r\n] id=10
2017-06-15 19:01:52.198 IOW    TRACE     WRITED[905566266843721762\r\n] id=10
2017-06-15 19:01:52.613 IOW    TRACE     READ[8\r\n] id=10
2017-06-15 19:01:52.614 IOW    TRACE     WRITED[17899137375351314596\r\n] id=10
2017-06-15 19:01:52.942 IOW    TRACE     READ[9\r\n] id=10
2017-06-15 19:01:52.942 IOW    TRACE     WRITED[6623666755989985924\r\n] id=10
2017-06-15 19:01:53.053 DEBUG  MESSAGE   CPU thread check
2017-06-15 19:01:53.254 IOW    TRACE     READ[9\r\n] id=10
2017-06-15 19:01:53.254 IOW    TRACE     WRITED[6623666755989985924\r\n] id=10
2017-06-15 19:01:53.597 IOW    TRACE     READ[0\r\n] id=10
2017-06-15 19:01:53.598 IOW    TRACE     WRITED[2297668033614959926\r\n] id=10
2017-06-15 19:01:53.974 IOW    TRACE     READ[0\r\n] id=10
2017-06-15 19:01:53.974 IOW    TRACE     WRITED[2297668033614959926\r\n] id=10
2017-06-15 19:01:54.053 DEBUG  MESSAGE   CPU thread check
2017-06-15 19:01:54.678 IOW    TRACE     READ[-\r\n] id=10
2017-06-15 19:01:54.678 IOW    TRACE     WRITED[7372855250431704371\r\n] id=10
2017-06-15 19:01:55.053 DEBUG  MESSAGE   CPU thread check
2017-06-15 19:01:56.054 DEBUG  MESSAGE   CPU thread check
2017-06-15 19:01:56.686 IOW    TRACE     READ[123541534\r\n] id=10
2017-06-15 19:01:56.686 IOW    TRACE     WRITED[11795887492988010505\r\n] id=10
2017-06-15 19:01:57.054 DEBUG  MESSAGE   CPU thread check
2017-06-15 19:01:58.038 IOW    TRACE     READ[2342342\r\n] id=10
2017-06-15 19:01:58.038 IOW    TRACE     WRITED[10149482331628962352\r\n] id=10
2017-06-15 19:01:58.055 DEBUG  MESSAGE   CPU thread check
2017-06-15 19:01:59.055 DEBUG  MESSAGE   CPU thread check
2017-06-15 19:01:59.214 IOW    TRACE     READ[54645645\r\n] id=10
2017-06-15 19:01:59.214 IOW    TRACE     WRITED[6593659003731315442\r\n] id=10
2017-06-15 19:02:00.056 DEBUG  MESSAGE   CPU thread check
2017-06-15 19:02:00.318 IOW    TRACE     READ[5676575\r\n] id=10
2017-06-15 19:02:00.318 IOW    TRACE     WRITED[6514313037713246393\r\n] id=10
2017-06-15 19:02:01.056 DEBUG  MESSAGE   CPU thread check
2017-06-15 19:02:01.486 IOW    TRACE     READ[324234\r\n] id=10
2017-06-15 19:02:01.486 IOW    TRACE     WRITED[12107632569753027682\r\n] id=10
2017-06-15 19:02:02.056 DEBUG  MESSAGE   CPU thread check
2017-06-15 19:02:02.510 IOW    TRACE     READ[5675756\r\n] id=10
2017-06-15 19:02:02.510 IOW    TRACE     WRITED[3104890664828308035\r\n] id=10
2017-06-15 19:02:02.902 IOW    TRACE     READ[\r\n] id=10
2017-06-15 19:02:03.057 DEBUG  MESSAGE   CPU thread check
2017-06-15 19:02:03.894 IOW    TRACE     READ[533453453\r\n] id=10
2017-06-15 19:02:03.894 IOW    TRACE     WRITED[6854847116708063992\r\n] id=10
2017-06-15 19:02:04.057 DEBUG  MESSAGE   CPU thread check
2017-06-15 19:02:05.058 DEBUG  MESSAGE   CPU thread check
2017-06-15 19:02:06.058 DEBUG  MESSAGE   CPU thread check
2017-06-15 19:02:07.058 DEBUG  MESSAGE   CPU thread check
2017-06-15 19:02:07.102 IOW    TRACE     READ[3458679387-0235860-854096834-09568-3408-4\r\n] id=10
2017-06-15 19:02:07.102 IOW    TRACE     WRITED[8952683428180715700\r\n] id=10
2017-06-15 19:02:08.059 DEBUG  MESSAGE   CPU thread check
2017-06-15 19:02:09.059 DEBUG  MESSAGE   CPU thread check
2017-06-15 19:02:09.246 IOW    TRACE     READ[834568430968340568-405968345\r\n] id=10
2017-06-15 19:02:09.246 IOW    TRACE     WRITED[18061389886741127112\r\n] id=10
2017-06-15 19:02:09.782 IOW    TRACE     READ[\r\n] id=10
2017-06-15 19:02:09.990 IOW    TRACE     READ[\r\n] id=10
2017-06-15 19:02:10.060 DEBUG  MESSAGE   CPU thread check
2017-06-15 19:02:11.060 DEBUG  MESSAGE   CPU thread check
2017-06-15 19:02:11.806 DEBUG  DEBUG     engine_base::unreg_io 10
2017-06-15 19:02:12.061 DEBUG  MESSAGE   CPU thread check
2017-06-15 19:02:13.061 DEBUG  MESSAGE   CPU thread check
2017-06-15 19:02:14.061 DEBUG  MESSAGE   CPU thread check
2017-06-15 19:02:15.062 DEBUG  MESSAGE   CPU thread check
2017-06-15 19:02:16.062 DEBUG  MESSAGE   CPU thread check
2017-06-15 19:02:17.063 DEBUG  MESSAGE   CPU thread check
2017-06-15 19:02:18.063 DEBUG  MESSAGE   CPU thread check
2017-06-15 19:02:19.064 DEBUG  MESSAGE   CPU thread check
2017-06-15 19:02:20.064 DEBUG  MESSAGE   CPU thread check
2017-06-15 19:02:21.064 DEBUG  MESSAGE   CPU thread check
2017-06-15 19:02:22.065 DEBUG  MESSAGE   CPU thread check
2017-06-15 19:02:23.065 DEBUG  MESSAGE   CPU thread check
2017-06-15 19:02:24.066 DEBUG  MESSAGE   CPU thread check
2017-06-15 19:02:25.066 DEBUG  MESSAGE   CPU thread check
2017-06-15 19:02:26.066 DEBUG  MESSAGE   CPU thread check
2017-06-15 19:02:27.066 DEBUG  MESSAGE   CPU thread check
2017-06-15 19:02:28.067 DEBUG  MESSAGE   CPU thread check
2017-06-15 19:02:29.067 DEBUG  MESSAGE   CPU thread check
2017-06-15 19:02:30.067 DEBUG  MESSAGE   CPU thread check
2017-06-15 19:02:31.068 DEBUG  MESSAGE   CPU thread check
2017-06-15 19:02:32.068 DEBUG  MESSAGE   CPU thread check
2017-06-15 19:02:33.069 DEBUG  MESSAGE   CPU thread check
2017-06-15 19:02:34.069 DEBUG  MESSAGE   CPU thread check
2017-06-15 19:02:35.069 DEBUG  MESSAGE   CPU thread check
2017-06-15 19:02:36.069 DEBUG  MESSAGE   CPU thread check
2017-06-15 19:02:37.070 DEBUG  MESSAGE   CPU thread check
2017-06-15 19:02:38.070 DEBUG  MESSAGE   CPU thread check
2017-06-15 19:02:39.070 DEBUG  MESSAGE   CPU thread check
2017-06-15 19:02:40.071 DEBUG  MESSAGE   CPU thread check
2017-06-15 19:02:41.071 DEBUG  MESSAGE   CPU thread check
2017-06-15 19:02:42.071 DEBUG  MESSAGE   CPU thread check
2017-06-15 19:02:43.072 DEBUG  MESSAGE   CPU thread check
2017-06-15 19:02:44.072 DEBUG  MESSAGE   CPU thread check
2017-06-15 19:02:45.072 DEBUG  MESSAGE   CPU thread check
2017-06-15 19:02:46.072 DEBUG  MESSAGE   CPU thread check
2017-06-15 19:02:47.073 DEBUG  MESSAGE   CPU thread check
2017-06-15 19:02:48.073 DEBUG  MESSAGE   CPU thread check
2017-06-15 19:02:49.073 DEBUG  MESSAGE   CPU thread check
2017-06-15 19:02:50.074 DEBUG  MESSAGE   CPU thread check
2017-06-15 19:02:51.074 DEBUG  MESSAGE   CPU thread check
2017-06-15 19:02:52.074 DEBUG  MESSAGE   CPU thread check
2017-06-15 19:02:53.075 DEBUG  MESSAGE   CPU thread check
2017-06-15 19:02:54.075 DEBUG  MESSAGE   CPU thread check
2017-06-15 19:02:55.076 DEBUG  MESSAGE   CPU thread check
2017-06-15 19:02:56.076 DEBUG  MESSAGE   CPU thread check
2017-06-15 19:02:57.076 DEBUG  MESSAGE   CPU thread check
2017-06-15 19:02:58.076 DEBUG  MESSAGE   CPU thread check
2017-06-15 19:02:59.077 DEBUG  MESSAGE   CPU thread check
2017-06-15 19:03:00.077 DEBUG  MESSAGE   CPU thread check
2017-06-15 19:03:01.077 DEBUG  MESSAGE   CPU thread check
2017-06-15 19:03:02.078 DEBUG  MESSAGE   CPU thread check
2017-06-15 19:03:03.078 DEBUG  MESSAGE   CPU thread check
2017-06-15 19:03:04.079 DEBUG  MESSAGE   CPU thread check
2017-06-15 19:03:05.079 DEBUG  MESSAGE   CPU thread check
2017-06-15 19:03:06.079 DEBUG  MESSAGE   CPU thread check
2017-06-15 19:03:07.080 DEBUG  MESSAGE   CPU thread check
2017-06-15 19:03:08.080 DEBUG  MESSAGE   CPU thread check
2017-06-15 19:03:09.080 DEBUG  MESSAGE   CPU thread check
2017-06-15 19:03:10.081 DEBUG  MESSAGE   CPU thread check
2017-06-15 19:03:11.081 DEBUG  MESSAGE   CPU thread check
2017-06-15 19:03:12.082 DEBUG  MESSAGE   CPU thread check
2017-06-15 19:03:13.082 DEBUG  MESSAGE   CPU thread check
2017-06-15 19:03:14.082 DEBUG  MESSAGE   CPU thread check
2017-06-15 19:03:15.083 DEBUG  MESSAGE   CPU thread check
2017-06-15 19:03:16.083 DEBUG  MESSAGE   CPU thread check
2017-06-15 19:03:17.083 DEBUG  MESSAGE   CPU thread check
2017-06-15 19:03:18.084 DEBUG  MESSAGE   CPU thread check
2017-06-15 19:03:19.084 DEBUG  MESSAGE   CPU thread check
2017-06-15 19:03:20.084 DEBUG  MESSAGE   CPU thread check
2017-06-15 19:03:21.085 DEBUG  MESSAGE   CPU thread check
2017-06-15 19:03:22.085 DEBUG  MESSAGE   CPU thread check
2017-06-15 19:03:23.085 DEBUG  MESSAGE   CPU thread check
2017-06-15 19:03:24.086 DEBUG  MESSAGE   CPU thread check
2017-06-15 19:03:25.086 DEBUG  MESSAGE   CPU thread check
2017-06-15 19:03:26.087 DEBUG  MESSAGE   CPU thread check
2017-06-15 19:03:27.087 DEBUG  MESSAGE   CPU thread check
2017-06-15 19:03:28.087 DEBUG  MESSAGE   CPU thread check
2017-06-15 19:03:29.088 DEBUG  MESSAGE   CPU thread check
2017-06-15 19:03:30.088 DEBUG  MESSAGE   CPU thread check
2017-06-15 19:03:31.088 DEBUG  MESSAGE   CPU thread check
2017-06-15 19:03:32.089 DEBUG  MESSAGE   CPU thread check
2017-06-15 19:03:33.089 DEBUG  MESSAGE   CPU thread check
2017-06-15 19:03:34.090 DEBUG  MESSAGE   CPU thread check
2017-06-15 19:03:35.090 DEBUG  MESSAGE   CPU thread check
2017-06-15 19:03:36.090 DEBUG  MESSAGE   CPU thread check
2017-06-15 19:03:37.091 DEBUG  MESSAGE   CPU thread check
2017-06-15 19:03:38.091 DEBUG  MESSAGE   CPU thread check
2017-06-15 19:03:39.092 DEBUG  MESSAGE   CPU thread check
2017-06-15 19:03:40.092 DEBUG  MESSAGE   CPU thread check
2017-06-15 19:03:41.092 DEBUG  MESSAGE   CPU thread check
2017-06-15 19:03:42.093 DEBUG  MESSAGE   CPU thread check
2017-06-15 19:03:43.093 DEBUG  MESSAGE   CPU thread check
2017-06-15 19:03:44.093 DEBUG  MESSAGE   CPU thread check
2017-06-15 19:03:45.094 DEBUG  MESSAGE   CPU thread check
2017-06-15 19:03:46.094 DEBUG  MESSAGE   CPU thread check
2017-06-15 19:03:47.094 DEBUG  MESSAGE   CPU thread check
2017-06-15 19:03:48.095 DEBUG  MESSAGE   CPU thread check
2017-06-15 19:03:49.095 DEBUG  MESSAGE   CPU thread check
2017-06-15 19:03:50.095 DEBUG  MESSAGE   CPU thread check
2017-06-15 19:03:51.096 DEBUG  MESSAGE   CPU thread check
2017-06-15 19:03:52.096 DEBUG  MESSAGE   CPU thread check
2017-06-15 19:03:53.097 DEBUG  MESSAGE   CPU thread check
2017-06-15 19:03:54.097 DEBUG  MESSAGE   CPU thread check
2017-06-15 19:03:55.098 DEBUG  MESSAGE   CPU thread check
2017-06-15 19:03:56.098 DEBUG  MESSAGE   CPU thread check
2017-06-15 19:03:57.098 DEBUG  MESSAGE   CPU thread check
2017-06-15 19:03:58.099 DEBUG  MESSAGE   CPU thread check
2017-06-15 19:03:59.099 DEBUG  MESSAGE   CPU thread check
2017-06-15 19:04:00.100 DEBUG  MESSAGE   CPU thread check
2017-06-15 19:04:01.100 DEBUG  MESSAGE   CPU thread check
2017-06-15 19:04:02.100 DEBUG  MESSAGE   CPU thread check
2017-06-15 19:04:03.101 DEBUG  MESSAGE   CPU thread check
2017-06-15 19:04:04.101 DEBUG  MESSAGE   CPU thread check
2017-06-15 19:04:05.101 DEBUG  MESSAGE   CPU thread check
2017-06-15 19:04:06.102 DEBUG  MESSAGE   CPU thread check
2017-06-15 19:04:07.102 DEBUG  MESSAGE   CPU thread check
2017-06-15 19:04:08.103 DEBUG  MESSAGE   CPU thread check
2017-06-15 19:04:09.103 DEBUG  MESSAGE   CPU thread check
2017-06-15 19:04:10.103 DEBUG  MESSAGE   CPU thread check
2017-06-15 19:04:11.104 DEBUG  MESSAGE   CPU thread check
2017-06-15 19:04:12.104 DEBUG  MESSAGE   CPU thread check
2017-06-15 19:04:13.105 DEBUG  MESSAGE   CPU thread check
2017-06-15 19:04:14.105 DEBUG  MESSAGE   CPU thread check
2017-06-15 19:04:15.105 DEBUG  MESSAGE   CPU thread check
2017-06-15 19:04:16.106 DEBUG  MESSAGE   CPU thread check
2017-06-15 19:04:17.106 DEBUG  MESSAGE   CPU thread check
2017-06-15 19:04:18.107 DEBUG  MESSAGE   CPU thread check
2017-06-15 19:04:19.107 DEBUG  MESSAGE   CPU thread check
2017-06-15 19:04:20.107 DEBUG  MESSAGE   CPU thread check
2017-06-15 19:04:21.108 DEBUG  MESSAGE   CPU thread check
2017-06-15 19:04:22.108 DEBUG  MESSAGE   CPU thread check
2017-06-15 19:04:23.108 DEBUG  MESSAGE   CPU thread check
2017-06-15 19:04:24.109 DEBUG  MESSAGE   CPU thread check
2017-06-15 19:04:25.109 DEBUG  MESSAGE   CPU thread check
2017-06-15 19:04:26.110 DEBUG  MESSAGE   CPU thread check
2017-06-15 19:04:27.110 DEBUG  MESSAGE   CPU thread check
2017-06-15 19:04:28.110 DEBUG  MESSAGE   CPU thread check
2017-06-15 19:04:29.111 DEBUG  MESSAGE   CPU thread check
2017-06-15 19:04:30.111 DEBUG  MESSAGE   CPU thread check
2017-06-15 19:04:31.111 DEBUG  MESSAGE   CPU thread check
2017-06-15 19:04:32.112 DEBUG  MESSAGE   CPU thread check
2017-06-15 19:04:33.112 DEBUG  MESSAGE   CPU thread check
2017-06-15 19:04:34.112 DEBUG  MESSAGE   CPU thread check
2017-06-15 19:04:35.113 DEBUG  MESSAGE   CPU thread check
2017-06-15 19:04:36.113 DEBUG  MESSAGE   CPU thread check
2017-06-15 19:04:37.113 DEBUG  MESSAGE   CPU thread check
2017-06-15 19:04:38.114 DEBUG  MESSAGE   CPU thread check
2017-06-15 19:04:39.114 DEBUG  MESSAGE   CPU thread check
2017-06-15 19:04:40.115 DEBUG  MESSAGE   CPU thread check
2017-06-15 19:04:41.115 DEBUG  MESSAGE   CPU thread check
2017-06-15 19:04:42.116 DEBUG  MESSAGE   CPU thread check
2017-06-15 19:04:43.116 DEBUG  MESSAGE   CPU thread check
2017-06-15 19:04:44.116 DEBUG  MESSAGE   CPU thread check
2017-06-15 19:04:45.117 DEBUG  MESSAGE   CPU thread check
2017-06-15 19:04:46.117 DEBUG  MESSAGE   CPU thread check
2017-06-15 19:04:47.118 DEBUG  MESSAGE   CPU thread check
2017-06-15 19:04:48.118 DEBUG  MESSAGE   CPU thread check
2017-06-15 19:04:49.118 DEBUG  MESSAGE   CPU thread check
2017-06-15 19:04:50.119 DEBUG  MESSAGE   CPU thread check
2017-06-15 19:04:51.119 DEBUG  MESSAGE   CPU thread check
2017-06-15 19:04:52.119 DEBUG  MESSAGE   CPU thread check
2017-06-15 19:04:53.120 DEBUG  MESSAGE   CPU thread check
2017-06-15 19:04:54.120 DEBUG  MESSAGE   CPU thread check
2017-06-15 19:04:55.121 DEBUG  MESSAGE   CPU thread check
2017-06-15 19:04:56.121 DEBUG  MESSAGE   CPU thread check
2017-06-15 19:04:57.121 DEBUG  MESSAGE   CPU thread check
2017-06-15 19:04:58.122 DEBUG  MESSAGE   CPU thread check
2017-06-15 19:04:59.122 DEBUG  MESSAGE   CPU thread check
2017-06-15 19:05:00.122 DEBUG  MESSAGE   CPU thread check
2017-06-15 19:05:01.123 DEBUG  MESSAGE   CPU thread check
2017-06-15 19:05:02.123 DEBUG  MESSAGE   CPU thread check
2017-06-15 19:05:03.124 DEBUG  MESSAGE   CPU thread check
2017-06-15 19:05:04.124 DEBUG  MESSAGE   CPU thread check
2017-06-15 19:05:05.125 DEBUG  MESSAGE   CPU thread check
2017-06-15 19:05:06.125 DEBUG  MESSAGE   CPU thread check
2017-06-15 19:05:07.125 DEBUG  MESSAGE   CPU thread check
2017-06-15 19:05:08.126 DEBUG  MESSAGE   CPU thread check
2017-06-15 19:05:09.126 DEBUG  MESSAGE   CPU thread check
2017-06-15 19:05:10.127 DEBUG  MESSAGE   CPU thread check
2017-06-15 19:05:11.127 DEBUG  MESSAGE   CPU thread check
2017-06-15 19:05:12.127 DEBUG  MESSAGE   CPU thread check
2017-06-15 19:05:13.128 DEBUG  MESSAGE   CPU thread check
2017-06-15 19:05:14.128 DEBUG  MESSAGE   CPU thread check
2017-06-15 19:05:15.129 DEBUG  MESSAGE   CPU thread check
2017-06-15 19:05:16.129 DEBUG  MESSAGE   CPU thread check
2017-06-15 19:05:17.130 DEBUG  MESSAGE   CPU thread check
2017-06-15 19:05:18.130 DEBUG  MESSAGE   CPU thread check
2017-06-15 19:05:19.130 DEBUG  MESSAGE   CPU thread check
2017-06-15 19:05:20.131 DEBUG  MESSAGE   CPU thread check
2017-06-15 19:05:21.131 DEBUG  MESSAGE   CPU thread check
2017-06-15 19:05:22.131 DEBUG  MESSAGE   CPU thread check
2017-06-15 19:05:23.132 DEBUG  MESSAGE   CPU thread check
2017-06-15 19:05:24.132 DEBUG  MESSAGE   CPU thread check
2017-06-15 19:05:25.132 DEBUG  MESSAGE   CPU thread check
2017-06-15 19:05:26.133 DEBUG  MESSAGE   CPU thread check
2017-06-15 19:05:27.133 DEBUG  MESSAGE   CPU thread check
2017-06-15 19:05:28.133 DEBUG  MESSAGE   CPU thread check
2017-06-15 19:05:29.134 DEBUG  MESSAGE   CPU thread check
2017-06-15 19:05:30.134 DEBUG  MESSAGE   CPU thread check
2017-06-15 19:05:31.135 DEBUG  MESSAGE   CPU thread check
2017-06-15 19:05:32.135 DEBUG  MESSAGE   CPU thread check
2017-06-15 19:05:33.135 DEBUG  MESSAGE   CPU thread check
2017-06-15 19:05:34.136 DEBUG  MESSAGE   CPU thread check
2017-06-15 19:05:35.136 DEBUG  MESSAGE   CPU thread check
2017-06-15 19:05:36.136 DEBUG  MESSAGE   CPU thread check
2017-06-15 19:05:37.137 DEBUG  MESSAGE   CPU thread check
2017-06-15 19:05:38.137 DEBUG  MESSAGE   CPU thread check
2017-06-15 19:05:39.137 DEBUG  MESSAGE   CPU thread check
2017-06-15 19:05:40.138 DEBUG  MESSAGE   CPU thread check
2017-06-15 19:05:41.138 DEBUG  MESSAGE   CPU thread check
2017-06-15 19:05:42.139 DEBUG  MESSAGE   CPU thread check
2017-06-15 19:05:43.139 DEBUG  MESSAGE   CPU thread check
2017-06-15 19:05:44.139 DEBUG  MESSAGE   CPU thread check
2017-06-15 19:05:45.140 DEBUG  MESSAGE   CPU thread check
2017-06-15 19:05:46.140 DEBUG  MESSAGE   CPU thread check
2017-06-15 19:05:47.140 DEBUG  MESSAGE   CPU thread check
2017-06-15 19:05:48.141 DEBUG  MESSAGE   CPU thread check
2017-06-15 19:05:49.141 DEBUG  MESSAGE   CPU thread check
2017-06-15 19:05:50.141 DEBUG  MESSAGE   CPU thread check
2017-06-15 19:05:51.142 DEBUG  MESSAGE   CPU thread check
2017-06-15 19:05:52.142 DEBUG  MESSAGE   CPU thread check
2017-06-15 19:05:53.142 DEBUG  MESSAGE   CPU thread check
2017-06-15 19:05:54.143 DEBUG  MESSAGE   CPU thread check
2017-06-15 19:05:55.143 DEBUG  MESSAGE   CPU thread check
2017-06-15 19:05:56.143 DEBUG  MESSAGE   CPU thread check
2017-06-15 19:05:57.144 DEBUG  MESSAGE   CPU thread check
2017-06-15 19:05:58.144 DEBUG  MESSAGE   CPU thread check
2017-06-15 19:05:59.144 DEBUG  MESSAGE   CPU thread check
2017-06-15 19:06:00.145 DEBUG  MESSAGE   CPU thread check
2017-06-15 19:06:01.145 DEBUG  MESSAGE   CPU thread check
2017-06-15 19:06:02.145 DEBUG  MESSAGE   CPU thread check
2017-06-15 19:06:03.146 DEBUG  MESSAGE   CPU thread check
2017-06-15 19:06:04.146 DEBUG  MESSAGE   CPU thread check
2017-06-15 19:06:05.146 DEBUG  MESSAGE   CPU thread check
2017-06-15 19:06:06.147 DEBUG  MESSAGE   CPU thread check
